c:\users\aaron\desktop\forgers-win32-tutorial-source\bmp_two\debug\vc141.pdb
c:\users\aaron\desktop\forgers-win32-tutorial-source\bmp_two\debug\vc141.idb
c:\users\aaron\desktop\forgers-win32-tutorial-source\bmp_two\debug\bmp_two.obj
c:\users\scanf\downloads\source\bmp_two\debug\bmp_two.ilk
c:\users\scanf\downloads\source\bmp_two\debug\bmp_two.exe
c:\users\scanf\downloads\source\bmp_two\debug\bmp_two.pdb
c:\users\aaron\desktop\forgers-win32-tutorial-source\bmp_two\debug\bmp_two.ilk
c:\users\aaron\desktop\forgers-win32-tutorial-source\bmp_two\debug\bmp_two.exe
c:\users\aaron\desktop\forgers-win32-tutorial-source\bmp_two\debug\bmp_two.pdb
c:\users\aaron\desktop\forgers-win32-tutorial-source\bmp_two\debug\bmp_two.res
c:\users\aaron\desktop\forgers-win32-tutorial-source\bmp_two\.\debug\bmp_two.exe
c:\users\aaron\desktop\forgers-win32-tutorial-source\bmp_two\debug\bmp_two.tlog\cl.command.1.tlog
c:\users\aaron\desktop\forgers-win32-tutorial-source\bmp_two\debug\bmp_two.tlog\cl.read.1.tlog
c:\users\aaron\desktop\forgers-win32-tutorial-source\bmp_two\debug\bmp_two.tlog\cl.write.1.tlog
c:\users\aaron\desktop\forgers-win32-tutorial-source\bmp_two\debug\bmp_two.tlog\link.command.1.tlog
c:\users\aaron\desktop\forgers-win32-tutorial-source\bmp_two\debug\bmp_two.tlog\link.read.1.tlog
c:\users\aaron\desktop\forgers-win32-tutorial-source\bmp_two\debug\bmp_two.tlog\link.write.1.tlog
c:\users\aaron\desktop\forgers-win32-tutorial-source\bmp_two\debug\bmp_two.tlog\rc.command.1.tlog
c:\users\aaron\desktop\forgers-win32-tutorial-source\bmp_two\debug\bmp_two.tlog\rc.read.1.tlog
c:\users\aaron\desktop\forgers-win32-tutorial-source\bmp_two\debug\bmp_two.tlog\rc.write.1.tlog
