c:\users\scanf\downloads\source\app_four\debug\vc141.pdb
c:\users\scanf\downloads\source\app_four\debug\vc141.idb
c:\users\scanf\downloads\source\app_four\debug\app_four.obj
c:\users\aaron\desktop\forgers-win32-tutorial-source\app_four\debug\vc141.pdb
c:\users\aaron\desktop\forgers-win32-tutorial-source\app_four\debug\vc141.idb
c:\users\aaron\desktop\forgers-win32-tutorial-source\app_four\debug\app_four.obj
c:\users\scanf\downloads\source\app_four\debug\app_four.ilk
c:\users\scanf\downloads\source\app_four\debug\app_four.exe
c:\users\scanf\downloads\source\app_four\debug\app_four.pdb
c:\users\aaron\desktop\forgers-win32-tutorial-source\app_four\debug\app_four.ilk
c:\users\aaron\desktop\forgers-win32-tutorial-source\app_four\debug\app_four.exe
c:\users\aaron\desktop\forgers-win32-tutorial-source\app_four\debug\app_four.pdb
c:\users\scanf\downloads\source\app_four\debug\app_four.res
c:\users\aaron\desktop\forgers-win32-tutorial-source\app_four\debug\app_four.res
c:\users\aaron\desktop\forgers-win32-tutorial-source\app_four\.\debug\app_four.exe
c:\users\aaron\desktop\forgers-win32-tutorial-source\app_four\debug\app_four.tlog\cl.command.1.tlog
c:\users\aaron\desktop\forgers-win32-tutorial-source\app_four\debug\app_four.tlog\cl.read.1.tlog
c:\users\aaron\desktop\forgers-win32-tutorial-source\app_four\debug\app_four.tlog\cl.write.1.tlog
c:\users\aaron\desktop\forgers-win32-tutorial-source\app_four\debug\app_four.tlog\link.command.1.tlog
c:\users\aaron\desktop\forgers-win32-tutorial-source\app_four\debug\app_four.tlog\link.read.1.tlog
c:\users\aaron\desktop\forgers-win32-tutorial-source\app_four\debug\app_four.tlog\link.write.1.tlog
c:\users\aaron\desktop\forgers-win32-tutorial-source\app_four\debug\app_four.tlog\rc.command.1.tlog
c:\users\aaron\desktop\forgers-win32-tutorial-source\app_four\debug\app_four.tlog\rc.read.1.tlog
c:\users\aaron\desktop\forgers-win32-tutorial-source\app_four\debug\app_four.tlog\rc.write.1.tlog
