c:\users\scanf\downloads\source\menu_one\debug\vc141.pdb
c:\users\scanf\downloads\source\menu_one\debug\vc141.idb
c:\users\scanf\downloads\source\menu_one\debug\menu_one.obj
c:\users\aaron\desktop\forgers-win32-tutorial-source\menu_one\debug\vc141.pdb
c:\users\aaron\desktop\forgers-win32-tutorial-source\menu_one\debug\vc141.idb
c:\users\aaron\desktop\forgers-win32-tutorial-source\menu_one\debug\menu_one.obj
c:\users\scanf\downloads\source\menu_one\debug\menu_one.ilk
c:\users\scanf\downloads\source\menu_one\debug\menu_one.exe
c:\users\scanf\downloads\source\menu_one\debug\menu_one.pdb
c:\users\aaron\desktop\forgers-win32-tutorial-source\menu_one\debug\menu_one.ilk
c:\users\aaron\desktop\forgers-win32-tutorial-source\menu_one\debug\menu_one.exe
c:\users\aaron\desktop\forgers-win32-tutorial-source\menu_one\debug\menu_one.pdb
c:\users\scanf\downloads\source\menu_one\debug\menu_one.res
c:\users\aaron\desktop\forgers-win32-tutorial-source\menu_one\debug\menu_one.res
c:\users\aaron\desktop\forgers-win32-tutorial-source\menu_one\.\debug\menu_one.exe
c:\users\aaron\desktop\forgers-win32-tutorial-source\menu_one\debug\menu_one.tlog\cl.command.1.tlog
c:\users\aaron\desktop\forgers-win32-tutorial-source\menu_one\debug\menu_one.tlog\cl.read.1.tlog
c:\users\aaron\desktop\forgers-win32-tutorial-source\menu_one\debug\menu_one.tlog\cl.write.1.tlog
c:\users\aaron\desktop\forgers-win32-tutorial-source\menu_one\debug\menu_one.tlog\link.command.1.tlog
c:\users\aaron\desktop\forgers-win32-tutorial-source\menu_one\debug\menu_one.tlog\link.read.1.tlog
c:\users\aaron\desktop\forgers-win32-tutorial-source\menu_one\debug\menu_one.tlog\link.write.1.tlog
c:\users\aaron\desktop\forgers-win32-tutorial-source\menu_one\debug\menu_one.tlog\rc.command.1.tlog
c:\users\aaron\desktop\forgers-win32-tutorial-source\menu_one\debug\menu_one.tlog\rc.read.1.tlog
c:\users\aaron\desktop\forgers-win32-tutorial-source\menu_one\debug\menu_one.tlog\rc.write.1.tlog
