c:\users\scanf\downloads\source\app_three\debug\vc141.pdb
c:\users\scanf\downloads\source\app_three\debug\vc141.idb
c:\users\scanf\downloads\source\app_three\debug\app_three.obj
c:\users\aaron\desktop\forgers-win32-tutorial-source\app_three\debug\vc141.pdb
c:\users\aaron\desktop\forgers-win32-tutorial-source\app_three\debug\vc141.idb
c:\users\aaron\desktop\forgers-win32-tutorial-source\app_three\debug\app_three.obj
c:\users\scanf\downloads\source\app_three\debug\app_three.ilk
c:\users\scanf\downloads\source\app_three\debug\app_three.exe
c:\users\scanf\downloads\source\app_three\debug\app_three.pdb
c:\users\aaron\desktop\forgers-win32-tutorial-source\app_three\debug\app_three.ilk
c:\users\aaron\desktop\forgers-win32-tutorial-source\app_three\debug\app_three.exe
c:\users\aaron\desktop\forgers-win32-tutorial-source\app_three\debug\app_three.pdb
c:\users\scanf\downloads\source\app_three\debug\app_three.res
c:\users\aaron\desktop\forgers-win32-tutorial-source\app_three\debug\app_three.res
c:\users\aaron\desktop\forgers-win32-tutorial-source\app_three\.\debug\app_three.exe
c:\users\aaron\desktop\forgers-win32-tutorial-source\app_three\debug\app_three.tlog\cl.command.1.tlog
c:\users\aaron\desktop\forgers-win32-tutorial-source\app_three\debug\app_three.tlog\cl.read.1.tlog
c:\users\aaron\desktop\forgers-win32-tutorial-source\app_three\debug\app_three.tlog\cl.write.1.tlog
c:\users\aaron\desktop\forgers-win32-tutorial-source\app_three\debug\app_three.tlog\link.command.1.tlog
c:\users\aaron\desktop\forgers-win32-tutorial-source\app_three\debug\app_three.tlog\link.read.1.tlog
c:\users\aaron\desktop\forgers-win32-tutorial-source\app_three\debug\app_three.tlog\link.write.1.tlog
c:\users\aaron\desktop\forgers-win32-tutorial-source\app_three\debug\app_three.tlog\rc.command.1.tlog
c:\users\aaron\desktop\forgers-win32-tutorial-source\app_three\debug\app_three.tlog\rc.read.1.tlog
c:\users\aaron\desktop\forgers-win32-tutorial-source\app_three\debug\app_three.tlog\rc.write.1.tlog
